[debug] [2022-04-15T21:03:55.778Z] ----------------------------------------------------------------------
[debug] [2022-04-15T21:03:55.780Z] Command:       C:\Program Files\nodejs\node.exe C:\Users\kpbuk\AppData\Roaming\npm\node_modules\firebase-tools\lib\bin\firebase.js init
[debug] [2022-04-15T21:03:55.781Z] CLI Version:   9.13.1
[debug] [2022-04-15T21:03:55.781Z] Platform:      win32
[debug] [2022-04-15T21:03:55.781Z] Node Version:  v16.13.0
[debug] [2022-04-15T21:03:55.782Z] Time:          Fri Apr 15 2022 23:03:55 GMT+0200 (South Africa Standard Time)
[debug] [2022-04-15T21:03:55.782Z] ----------------------------------------------------------------------
[debug] 
[debug] [2022-04-15T21:03:55.797Z] > command requires scopes: ["email","openid","https://www.googleapis.com/auth/cloudplatformprojects.readonly","https://www.googleapis.com/auth/firebase","https://www.googleapis.com/auth/cloud-platform"]
[debug] [2022-04-15T21:03:55.797Z] > authorizing via signed-in user (efficientprogramming01@gmail.com)
[info] 
     ######## #### ########  ######## ########     ###     ######  ########
     ##        ##  ##     ## ##       ##     ##  ##   ##  ##       ##
     ######    ##  ########  ######   ########  #########  ######  ######
     ##        ##  ##    ##  ##       ##     ## ##     ##       ## ##
     ##       #### ##     ## ######## ########  ##     ##  ######  ########

You're about to initialize a Firebase project in this directory:

  C:\Users\kpbuk\documents\progrmming\reactN\expo\papyandnoella

[info] 
=== Project Setup
[info] 
[info] First, let's associate this project directory with a Firebase project.
[info] You can create multiple project aliases by running firebase use --add, 
[info] but for now we'll just set up a default project.
[info] 
[debug] [2022-04-15T21:04:48.531Z] >>> [apiv2][query] GET https://firebase.googleapis.com/v1beta1/projects pageSize=100
[debug] [2022-04-15T21:04:49.746Z] <<< [apiv2][status] GET https://firebase.googleapis.com/v1beta1/projects 200
[debug] [2022-04-15T21:04:49.747Z] <<< [apiv2][body] GET https://firebase.googleapis.com/v1beta1/projects [omitted]
[info] i  Using project papyandnoella (papyandnoella) 
[info] 
=== Hosting Setup
[info] 
[info] Your public directory is the folder (relative to your project directory) that
[info] will contain Hosting assets to be uploaded with firebase deploy. If you
[info] have a build process for your assets, use your build's output directory.
[info] 
[info] +  Wrote public/404.html 
[debug] [2022-04-15T21:05:34.187Z] >>> [apiv2][query] GET https://www.gstatic.com/firebasejs/releases.json [none]
[debug] [2022-04-15T21:05:34.563Z] <<< [apiv2][status] GET https://www.gstatic.com/firebasejs/releases.json 200
[debug] [2022-04-15T21:05:34.564Z] <<< [apiv2][body] GET https://www.gstatic.com/firebasejs/releases.json {"current":{"version":"9.6.11","browserURL":"https://www.gstatic.com/firebasejs/9.6.11/firebase.js","packageURL":"https://www.gstatic.com/firebasejs/9.6.11/firebase.tgz"},"live":{"version":"9.6","browserURL":"https://www.gstatic.com/firebasejs/live/9.6/firebase.js","packageURL":"https://www.gstatic.com/firebasejs/live/9.6/firebase.tgz"},"components":{"analytics":"https://www.gstatic.com/firebasejs/9.6.11/firebase-analytics.js","app":"https://www.gstatic.com/firebasejs/9.6.11/firebase-app.js","app-check":"https://www.gstatic.com/firebasejs/9.6.11/firebase-app-check.js","auth":"https://www.gstatic.com/firebasejs/9.6.11/firebase-auth.js","auth/cordova":"https://www.gstatic.com/firebasejs/9.6.11/firebase-auth/cordova.js","auth/react-native":"https://www.gstatic.com/firebasejs/9.6.11/firebase-auth/react-native.js","functions":"https://www.gstatic.com/firebasejs/9.6.11/firebase-functions.js","firestore":"https://www.gstatic.com/firebasejs/9.6.11/firebase-firestore.js","firestore/lite":"https://www.gstatic.com/firebasejs/9.6.11/firebase-firestore/lite.js","storage":"https://www.gstatic.com/firebasejs/9.6.11/firebase-storage.js","performance":"https://www.gstatic.com/firebasejs/9.6.11/firebase-performance.js","remote-config":"https://www.gstatic.com/firebasejs/9.6.11/firebase-remote-config.js","messaging":"https://www.gstatic.com/firebasejs/9.6.11/firebase-messaging.js","messaging/sw":"https://www.gstatic.com/firebasejs/9.6.11/firebase-messaging/sw.js","database":"https://www.gstatic.com/firebasejs/9.6.11/firebase-database.js","firestore.memory":"https://www.gstatic.com/firebasejs/9.6.11/firebase-firestore.memory.js"}}
[info] +  Wrote public/index.html 
[info] 
[info] i  Detected a .git folder at C:\Users\kpbuk\documents\progrmming\reactN\expo\papyandnoella 
[info] i  Authorizing with GitHub to upload your service account to a GitHub repository's secrets store. 
[info] 
[info] Visit this URL on this device to log in:
[info] https://github.com/login/oauth/authorize?client_id=89cf50f02ac6aaed3484&state=815740365&redirect_uri=http%3A%2F%2Flocalhost%3A9005&scope=read%3Auser%20repo%20public_repo
[info] 
[info] Waiting for authentication...
[debug] [2022-04-15T21:05:47.833Z] >>> HTTP REQUEST POST https://github.com/login/oauth/access_token  
 {"client_id":"89cf50f02ac6aaed3484","client_secret":"3330d14abc895d9a74d5f17cd7a00711fa2c5bf0","code":"4d0c3582cdd478973d5f","redirect_uri":"http://localhost:9005","state":"815740365"}
[debug] [2022-04-15T21:05:48.580Z] <<< HTTP RESPONSE 200 {"server":"GitHub.com","date":"Fri, 15 Apr 2022 21:05:48 GMT","content-type":"application/json; charset=utf-8","transfer-encoding":"chunked","vary":"X-PJAX, X-PJAX-Container, Accept-Encoding, Accept, X-Requested-With","permissions-policy":"interest-cohort=()","etag":"W/\"4cc8a2e99c3036f58bd3f60d51e2ee05\"","cache-control":"max-age=0, private, must-revalidate","strict-transport-security":"max-age=31536000; includeSubdomains; preload","x-frame-options":"deny","x-content-type-options":"nosniff","x-xss-protection":"0","referrer-policy":"origin-when-cross-origin, strict-origin-when-cross-origin","expect-ct":"max-age=2592000, report-uri=\"https://api.github.com/_private/browser/errors\"","content-security-policy":"default-src 'none'; base-uri 'self'; block-all-mixed-content; child-src github.com/assets-cdn/worker/ gist.github.com/assets-cdn/worker/; connect-src 'self' uploads.github.com objects-origin.githubusercontent.com www.githubstatus.com collector.github.com raw.githubusercontent.com api.github.com github-cloud.s3.amazonaws.com github-production-repository-file-5c1aeb.s3.amazonaws.com github-production-upload-manifest-file-7fdce7.s3.amazonaws.com github-production-user-asset-6210df.s3.amazonaws.com cdn.optimizely.com logx.optimizely.com/v1/events translator.github.com *.actions.githubusercontent.com wss://*.actions.githubusercontent.com online.visualstudio.com/api/v1/locations github-production-repository-image-32fea6.s3.amazonaws.com github-production-release-asset-2e65be.s3.amazonaws.com insights.github.com wss://alive.github.com; font-src github.githubassets.com; form-action 'self' github.com gist.github.com objects-origin.githubusercontent.com; frame-ancestors 'none'; frame-src render.githubusercontent.com viewscreen.githubusercontent.com notebooks.githubusercontent.com; img-src 'self' data: github.githubassets.com identicons.github.com github-cloud.s3.amazonaws.com secured-user-images.githubusercontent.com/ *.githubusercontent.com; manifest-src 'self'; media-src github.com user-images.githubusercontent.com/; script-src github.githubassets.com; style-src 'unsafe-inline' github.githubassets.com; worker-src github.com/assets-cdn/worker/ gist.github.com/assets-cdn/worker/","x-github-request-id":"CFF0:294D:14E8560:1627A95:6259DE2C"}
[debug] [2022-04-15T21:05:48.585Z] >>> [apiv2][query] GET https://api.github.com/user [none]
[debug] [2022-04-15T21:05:49.326Z] <<< [apiv2][status] GET https://api.github.com/user 200
[debug] [2022-04-15T21:05:49.327Z] <<< [apiv2][body] GET https://api.github.com/user {"login":"EfficientProgramming01","id":85022044,"node_id":"MDQ6VXNlcjg1MDIyMDQ0","avatar_url":"https://avatars.githubusercontent.com/u/85022044?v=4","gravatar_id":"","url":"https://api.github.com/users/EfficientProgramming01","html_url":"https://github.com/EfficientProgramming01","followers_url":"https://api.github.com/users/EfficientProgramming01/followers","following_url":"https://api.github.com/users/EfficientProgramming01/following{/other_user}","gists_url":"https://api.github.com/users/EfficientProgramming01/gists{/gist_id}","starred_url":"https://api.github.com/users/EfficientProgramming01/starred{/owner}{/repo}","subscriptions_url":"https://api.github.com/users/EfficientProgramming01/subscriptions","organizations_url":"https://api.github.com/users/EfficientProgramming01/orgs","repos_url":"https://api.github.com/users/EfficientProgramming01/repos","events_url":"https://api.github.com/users/EfficientProgramming01/events{/privacy}","received_events_url":"https://api.github.com/users/EfficientProgramming01/received_events","type":"User","site_admin":false,"name":"Efficient Programming","company":null,"blog":"","location":null,"email":null,"hireable":null,"bio":null,"twitter_username":null,"public_repos":2,"public_gists":0,"followers":39,"following":0,"created_at":"2021-05-29T12:40:08Z","updated_at":"2022-04-15T21:05:41Z","private_gists":0,"total_private_repos":3,"owned_private_repos":3,"disk_usage":8323,"collaborators":0,"two_factor_authentication":false,"plan":{"name":"free","space":976562499,"collaborators":0,"private_repos":10000}}
[info] 
[info] +  Success! Logged into GitHub as EfficientProgramming01 
[info] 
[debug] [2022-04-15T21:08:29.672Z] >>> [apiv2][query] GET https://api.github.com/repos/papyandnoella/actions/secrets/public-key type=owner
[debug] [2022-04-15T21:08:30.384Z] <<< [apiv2][status] GET https://api.github.com/repos/papyandnoella/actions/secrets/public-key 404
[debug] [2022-04-15T21:08:30.384Z] <<< [apiv2][body] GET https://api.github.com/repos/papyandnoella/actions/secrets/public-key {"message":"Not Found","documentation_url":"https://docs.github.com/rest"}
[debug] [2022-04-15T21:08:35.326Z] >>> [apiv2][query] GET https://api.github.com/repos//actions/secrets/public-key type=owner
[debug] [2022-04-15T21:08:36.000Z] <<< [apiv2][status] GET https://api.github.com/repos//actions/secrets/public-key 404
[debug] [2022-04-15T21:08:36.000Z] <<< [apiv2][body] GET https://api.github.com/repos//actions/secrets/public-key {"message":"Not Found","documentation_url":"https://docs.github.com/rest"}
[debug] [2022-04-15T21:08:36.873Z] >>> [apiv2][query] GET https://api.github.com/repos//actions/secrets/public-key type=owner
[debug] [2022-04-15T21:08:37.543Z] <<< [apiv2][status] GET https://api.github.com/repos//actions/secrets/public-key 404
[debug] [2022-04-15T21:08:37.544Z] <<< [apiv2][body] GET https://api.github.com/repos//actions/secrets/public-key {"message":"Not Found","documentation_url":"https://docs.github.com/rest"}
[debug] [2022-04-15T21:08:43.222Z] >>> [apiv2][query] GET https://api.github.com/repos//actions/secrets/public-key type=owner
[debug] [2022-04-15T21:08:43.943Z] <<< [apiv2][status] GET https://api.github.com/repos//actions/secrets/public-key 404
[debug] [2022-04-15T21:08:43.944Z] <<< [apiv2][body] GET https://api.github.com/repos//actions/secrets/public-key {"message":"Not Found","documentation_url":"https://docs.github.com/rest"}
[debug] [2022-04-15T21:09:11.246Z] >>> [apiv2][query] GET https://api.github.com/repos/https://github.com/EfficientProgramming01/papyandnoella.git/actions/secrets/public-key type=owner
[debug] [2022-04-15T21:09:11.961Z] <<< [apiv2][status] GET https://api.github.com/repos/https://github.com/EfficientProgramming01/papyandnoella.git/actions/secrets/public-key 404
[debug] [2022-04-15T21:09:11.962Z] <<< [apiv2][body] GET https://api.github.com/repos/https://github.com/EfficientProgramming01/papyandnoella.git/actions/secrets/public-key {"message":"Not Found","documentation_url":"https://docs.github.com/rest"}
